<?xml version="1.0" encoding="UTF-8"?>
<!-- Generated by org.testng.reporters.JUnitReportReporter -->
<testsuite hostname="Rashed" name="com.cue1.LoginFunctionTest" tests="1" failures="0" timestamp="25 Dec 2016 03:35:35 GMT" time="4.521" errors="0">
  <testcase name="logTest1" time="4.521" classname="com.cue1.LoginFunctionTest"/>
</testsuite> <!-- com.cue1.LoginFunctionTest -->
