<?xml version="1.0" encoding="UTF-8"?>
<!-- Generated by org.testng.reporters.JUnitReportReporter -->
<testsuite hostname="Rashed" name="com.inmarkit.qa.framework.mh1.MHHomePageNavigation" tests="1" failures="0" timestamp="25 Sep 2016 19:47:15 GMT" time="0.015" errors="1">
  <testcase name="test1212_homePageLinkValidationTest" time="0.015" classname="com.inmarkit.qa.framework.mh1.MHHomePageNavigation">
    <error type="java.lang.NullPointerException">
      <![CDATA[java.lang.NullPointerException
	at com.inmarkit.qa.framework.mh.model.MHLoginPageModel.signInButton1(MHLoginPageModel.java:53)
	at com.inmarkit.qa.framework.mh.controller.MHLoginPageController.login(MHLoginPageController.java:32)
	at com.inmarkit.qa.framework.mh1.MHHomePageNavigation.test1212_homePageLinkValidationTest(MHHomePageNavigation.java:18)
	at sun.reflect.NativeMethodAccessorImpl.invoke0(Native Method)
	at sun.reflect.NativeMethodAccessorImpl.invoke(Unknown Source)
	at sun.reflect.DelegatingMethodAccessorImpl.invoke(Unknown Source)
	at java.lang.reflect.Method.invoke(Unknown Source)
	at org.testng.internal.MethodInvocationHelper.invokeMethod(MethodInvocationHelper.java:85)
	at org.testng.internal.Invoker.invokeMethod(Invoker.java:639)
	at org.testng.internal.Invoker.invokeTestMethod(Invoker.java:816)
	at org.testng.internal.Invoker.invokeTestMethods(Invoker.java:1124)
	at org.testng.internal.TestMethodWorker.invokeTestMethods(TestMethodWorker.java:125)
	at org.testng.internal.TestMethodWorker.run(TestMethodWorker.java:108)
	at org.testng.TestRunner.privateRun(TestRunner.java:774)
	at org.testng.TestRunner.run(TestRunner.java:624)
	at org.testng.SuiteRunner.runTest(SuiteRunner.java:359)
	at org.testng.SuiteRunner.runSequentially(SuiteRunner.java:354)
	at org.testng.SuiteRunner.privateRun(SuiteRunner.java:312)
	at org.testng.SuiteRunner.run(SuiteRunner.java:261)
	at org.testng.SuiteRunnerWorker.runSuite(SuiteRunnerWorker.java:52)
	at org.testng.SuiteRunnerWorker.run(SuiteRunnerWorker.java:86)
	at org.testng.TestNG.runSuitesSequentially(TestNG.java:1215)
	at org.testng.TestNG.runSuitesLocally(TestNG.java:1140)
	at org.testng.TestNG.run(TestNG.java:1048)
	at org.testng.remote.AbstractRemoteTestNG.run(AbstractRemoteTestNG.java:126)
	at org.testng.remote.RemoteTestNG.initAndRun(RemoteTestNG.java:137)
	at org.testng.remote.RemoteTestNG.main(RemoteTestNG.java:58)
]]>
    </error>
  </testcase> <!-- test1212_homePageLinkValidationTest -->
</testsuite> <!-- com.inmarkit.qa.framework.mh1.MHHomePageNavigation -->
