<?xml version="1.0" encoding="UTF-8"?>
<!-- Generated by org.testng.reporters.JUnitReportReporter -->
<testsuite hostname="Rashed" name="com.qa.inmarkit.CUEMH_DataManager" tests="1" failures="0" timestamp="10 Jun 2016 21:07:07 GMT" time="81.839" errors="0">
  <testcase name="MH_AccountSetting_Page" time="81.839" classname="com.qa.inmarkit.CUEMH_DataManager"/>
</testsuite> <!-- com.qa.inmarkit.CUEMH_DataManager -->
