<?xml version="1.0" encoding="UTF-8"?>
<!-- Generated by org.testng.reporters.JUnitReportReporter -->
<testsuite hostname="Rashed" name="com.qa.inmarkit.CUEMH_AssortmentManager" tests="1" failures="0" timestamp="10 Jun 2016 21:07:07 GMT" time="17.669" errors="0">
  <testcase name="MH_AccountSetting_Page" time="17.669" classname="com.qa.inmarkit.CUEMH_AssortmentManager"/>
</testsuite> <!-- com.qa.inmarkit.CUEMH_AssortmentManager -->
