<?xml version="1.0" encoding="UTF-8"?>
<!-- Generated by org.testng.reporters.JUnitReportReporter -->
<testsuite hostname="Rashed" name="com.qa.inmarkit.CUEMHLogin" tests="1" failures="0" timestamp="10 Jun 2016 21:07:07 GMT" time="48.684" errors="0">
  <testcase name="MHLoginTest" time="48.684" classname="com.qa.inmarkit.CUEMHLogin"/>
</testsuite> <!-- com.qa.inmarkit.CUEMHLogin -->
