<?xml version="1.0" encoding="UTF-8"?>
<!-- Generated by org.testng.reporters.JUnitReportReporter -->
<testsuite hostname="Rashed" name="com.qa.inmarkit.CUEMHAccountSettingPage" tests="1" failures="0" timestamp="10 Jun 2016 21:07:07 GMT" time="40.143" errors="0">
  <testcase name="MH_AccountSetting_Page" time="40.143" classname="com.qa.inmarkit.CUEMHAccountSettingPage"/>
</testsuite> <!-- com.qa.inmarkit.CUEMHAccountSettingPage -->
