<?xml version="1.0" encoding="UTF-8"?>
<!-- Generated by org.testng.reporters.JUnitReportReporter -->
<testsuite hostname="Rashed" name="com.cue.qa.LoginFunctionTest" tests="1" failures="0" timestamp="25 Dec 2016 02:50:10 GMT" time="4.658" errors="0">
  <testcase name="logTest1" time="4.658" classname="com.cue.qa.LoginFunctionTest"/>
</testsuite> <!-- com.cue.qa.LoginFunctionTest -->
