<?xml version="1.0" encoding="UTF-8"?>
<!-- Generated by org.testng.reporters.JUnitReportReporter -->
<testsuite hostname="Rashed" name="com.paxotech.qa.Test2" tests="1" failures="0" timestamp="24 Dec 2016 17:36:22 GMT" time="6.904" errors="0">
  <testcase name="logTest" time="6.904" classname="com.paxotech.qa.Test2"/>
</testsuite> <!-- com.paxotech.qa.Test2 -->
